<?xml version="1.0" encoding="UTF-8"?>
<testsuite xmlns:xsi="http://www.w3.org/2001/XMLSchema-instance" xsi:noNamespaceSchemaLocation="https://maven.apache.org/surefire/maven-surefire-plugin/xsd/surefire-test-report.xsd" name="com.example.myapp.AppTest" time="0.061" tests="1" errors="0" skipped="0" failures="0">
  <properties>
    <property name="java.specification.version" value="22"/>
    <property name="sun.cpu.isalist" value="amd64"/>
    <property name="sun.jnu.encoding" value="Cp1252"/>
    <property name="java.class.path" value="c:\Users\suriasya\Documents\200-Developing on AWS\Dev-Demo\Java\DynamoDB\myapp\target\test-classes;c:\Users\suriasya\Documents\200-Developing on AWS\Dev-Demo\Java\DynamoDB\myapp\target\classes;C:\Users\suriasya\.m2\repository\junit\junit\4.11\junit-4.11.jar;C:\Users\suriasya\.m2\repository\org\hamcrest\hamcrest-core\1.3\hamcrest-core-1.3.jar;C:\Users\suriasya\.m2\repository\software\amazon\awssdk\dynamodb\2.27.8\dynamodb-2.27.8.jar;C:\Users\suriasya\.m2\repository\software\amazon\awssdk\aws-json-protocol\2.27.8\aws-json-protocol-2.27.8.jar;C:\Users\suriasya\.m2\repository\software\amazon\awssdk\third-party-jackson-core\2.27.8\third-party-jackson-core-2.27.8.jar;C:\Users\suriasya\.m2\repository\software\amazon\awssdk\protocol-core\2.27.8\protocol-core-2.27.8.jar;C:\Users\suriasya\.m2\repository\software\amazon\awssdk\profiles\2.27.8\profiles-2.27.8.jar;C:\Users\suriasya\.m2\repository\software\amazon\awssdk\retries-spi\2.27.8\retries-spi-2.27.8.jar;C:\Users\suriasya\.m2\repository\software\amazon\awssdk\http-auth-aws\2.27.8\http-auth-aws-2.27.8.jar;C:\Users\suriasya\.m2\repository\software\amazon\awssdk\checksums-spi\2.27.8\checksums-spi-2.27.8.jar;C:\Users\suriasya\.m2\repository\software\amazon\awssdk\checksums\2.27.8\checksums-2.27.8.jar;C:\Users\suriasya\.m2\repository\software\amazon\awssdk\sdk-core\2.27.8\sdk-core-2.27.8.jar;C:\Users\suriasya\.m2\repository\software\amazon\awssdk\retries\2.27.8\retries-2.27.8.jar;C:\Users\suriasya\.m2\repository\org\slf4j\slf4j-api\1.7.36\slf4j-api-1.7.36.jar;C:\Users\suriasya\.m2\repository\org\reactivestreams\reactive-streams\1.0.4\reactive-streams-1.0.4.jar;C:\Users\suriasya\.m2\repository\software\amazon\awssdk\auth\2.27.8\auth-2.27.8.jar;C:\Users\suriasya\.m2\repository\software\amazon\awssdk\http-auth-aws-eventstream\2.27.8\http-auth-aws-eventstream-2.27.8.jar;C:\Users\suriasya\.m2\repository\software\amazon\eventstream\eventstream\1.0.1\eventstream-1.0.1.jar;C:\Users\suriasya\.m2\repository\software\amazon\awssdk\http-auth-spi\2.27.8\http-auth-spi-2.27.8.jar;C:\Users\suriasya\.m2\repository\software\amazon\awssdk\http-auth\2.27.8\http-auth-2.27.8.jar;C:\Users\suriasya\.m2\repository\software\amazon\awssdk\identity-spi\2.27.8\identity-spi-2.27.8.jar;C:\Users\suriasya\.m2\repository\software\amazon\awssdk\http-client-spi\2.27.8\http-client-spi-2.27.8.jar;C:\Users\suriasya\.m2\repository\software\amazon\awssdk\regions\2.27.8\regions-2.27.8.jar;C:\Users\suriasya\.m2\repository\software\amazon\awssdk\annotations\2.27.8\annotations-2.27.8.jar;C:\Users\suriasya\.m2\repository\software\amazon\awssdk\utils\2.27.8\utils-2.27.8.jar;C:\Users\suriasya\.m2\repository\software\amazon\awssdk\aws-core\2.27.8\aws-core-2.27.8.jar;C:\Users\suriasya\.m2\repository\software\amazon\awssdk\metrics-spi\2.27.8\metrics-spi-2.27.8.jar;C:\Users\suriasya\.m2\repository\software\amazon\awssdk\json-utils\2.27.8\json-utils-2.27.8.jar;C:\Users\suriasya\.m2\repository\software\amazon\awssdk\endpoints-spi\2.27.8\endpoints-spi-2.27.8.jar;C:\Users\suriasya\.m2\repository\software\amazon\awssdk\apache-client\2.27.8\apache-client-2.27.8.jar;C:\Users\suriasya\.m2\repository\org\apache\httpcomponents\httpclient\4.5.13\httpclient-4.5.13.jar;C:\Users\suriasya\.m2\repository\commons-logging\commons-logging\1.2\commons-logging-1.2.jar;C:\Users\suriasya\.m2\repository\org\apache\httpcomponents\httpcore\4.4.16\httpcore-4.4.16.jar;C:\Users\suriasya\.m2\repository\commons-codec\commons-codec\1.17.1\commons-codec-1.17.1.jar;C:\Users\suriasya\.m2\repository\software\amazon\awssdk\netty-nio-client\2.27.8\netty-nio-client-2.27.8.jar;C:\Users\suriasya\.m2\repository\io\netty\netty-codec-http\4.1.112.Final\netty-codec-http-4.1.112.Final.jar;C:\Users\suriasya\.m2\repository\io\netty\netty-codec-http2\4.1.112.Final\netty-codec-http2-4.1.112.Final.jar;C:\Users\suriasya\.m2\repository\io\netty\netty-codec\4.1.112.Final\netty-codec-4.1.112.Final.jar;C:\Users\suriasya\.m2\repository\io\netty\netty-transport\4.1.112.Final\netty-transport-4.1.112.Final.jar;C:\Users\suriasya\.m2\repository\io\netty\netty-common\4.1.112.Final\netty-common-4.1.112.Final.jar;C:\Users\suriasya\.m2\repository\io\netty\netty-buffer\4.1.112.Final\netty-buffer-4.1.112.Final.jar;C:\Users\suriasya\.m2\repository\io\netty\netty-handler\4.1.112.Final\netty-handler-4.1.112.Final.jar;C:\Users\suriasya\.m2\repository\io\netty\netty-transport-native-unix-common\4.1.112.Final\netty-transport-native-unix-common-4.1.112.Final.jar;C:\Users\suriasya\.m2\repository\io\netty\netty-transport-classes-epoll\4.1.112.Final\netty-transport-classes-epoll-4.1.112.Final.jar;C:\Users\suriasya\.m2\repository\io\netty\netty-resolver\4.1.112.Final\netty-resolver-4.1.112.Final.jar;"/>
    <property name="java.vm.vendor" value="Oracle Corporation"/>
    <property name="sun.arch.data.model" value="64"/>
    <property name="user.variant" value=""/>
    <property name="java.vendor.url" value="https://java.oracle.com/"/>
    <property name="log4j2.formatMsgNoLookups" value="true"/>
    <property name="user.timezone" value="Asia/Bangkok"/>
    <property name="os.name" value="Windows 10"/>
    <property name="java.vm.specification.version" value="22"/>
    <property name="sun.java.launcher" value="SUN_STANDARD"/>
    <property name="user.country" value="US"/>
    <property name="sun.boot.library.path" value="C:\Program Files\Java\jdk-22\bin"/>
    <property name="sun.java.command" value="C:\Users\suriasya\AppData\Local\Temp\surefire16850623648262156800\surefirebooter13522445821857635302.jar C:\Users\suriasya\AppData\Local\Temp\surefire16850623648262156800 2024-08-20T22-26-12_990-jvmRun1 surefire16519047935061137832tmp surefire_05648981969171175996tmp"/>
    <property name="jdk.debug" value="release"/>
    <property name="surefire.test.class.path" value="c:\Users\suriasya\Documents\200-Developing on AWS\Dev-Demo\Java\DynamoDB\myapp\target\test-classes;c:\Users\suriasya\Documents\200-Developing on AWS\Dev-Demo\Java\DynamoDB\myapp\target\classes;C:\Users\suriasya\.m2\repository\junit\junit\4.11\junit-4.11.jar;C:\Users\suriasya\.m2\repository\org\hamcrest\hamcrest-core\1.3\hamcrest-core-1.3.jar;C:\Users\suriasya\.m2\repository\software\amazon\awssdk\dynamodb\2.27.8\dynamodb-2.27.8.jar;C:\Users\suriasya\.m2\repository\software\amazon\awssdk\aws-json-protocol\2.27.8\aws-json-protocol-2.27.8.jar;C:\Users\suriasya\.m2\repository\software\amazon\awssdk\third-party-jackson-core\2.27.8\third-party-jackson-core-2.27.8.jar;C:\Users\suriasya\.m2\repository\software\amazon\awssdk\protocol-core\2.27.8\protocol-core-2.27.8.jar;C:\Users\suriasya\.m2\repository\software\amazon\awssdk\profiles\2.27.8\profiles-2.27.8.jar;C:\Users\suriasya\.m2\repository\software\amazon\awssdk\retries-spi\2.27.8\retries-spi-2.27.8.jar;C:\Users\suriasya\.m2\repository\software\amazon\awssdk\http-auth-aws\2.27.8\http-auth-aws-2.27.8.jar;C:\Users\suriasya\.m2\repository\software\amazon\awssdk\checksums-spi\2.27.8\checksums-spi-2.27.8.jar;C:\Users\suriasya\.m2\repository\software\amazon\awssdk\checksums\2.27.8\checksums-2.27.8.jar;C:\Users\suriasya\.m2\repository\software\amazon\awssdk\sdk-core\2.27.8\sdk-core-2.27.8.jar;C:\Users\suriasya\.m2\repository\software\amazon\awssdk\retries\2.27.8\retries-2.27.8.jar;C:\Users\suriasya\.m2\repository\org\slf4j\slf4j-api\1.7.36\slf4j-api-1.7.36.jar;C:\Users\suriasya\.m2\repository\org\reactivestreams\reactive-streams\1.0.4\reactive-streams-1.0.4.jar;C:\Users\suriasya\.m2\repository\software\amazon\awssdk\auth\2.27.8\auth-2.27.8.jar;C:\Users\suriasya\.m2\repository\software\amazon\awssdk\http-auth-aws-eventstream\2.27.8\http-auth-aws-eventstream-2.27.8.jar;C:\Users\suriasya\.m2\repository\software\amazon\eventstream\eventstream\1.0.1\eventstream-1.0.1.jar;C:\Users\suriasya\.m2\repository\software\amazon\awssdk\http-auth-spi\2.27.8\http-auth-spi-2.27.8.jar;C:\Users\suriasya\.m2\repository\software\amazon\awssdk\http-auth\2.27.8\http-auth-2.27.8.jar;C:\Users\suriasya\.m2\repository\software\amazon\awssdk\identity-spi\2.27.8\identity-spi-2.27.8.jar;C:\Users\suriasya\.m2\repository\software\amazon\awssdk\http-client-spi\2.27.8\http-client-spi-2.27.8.jar;C:\Users\suriasya\.m2\repository\software\amazon\awssdk\regions\2.27.8\regions-2.27.8.jar;C:\Users\suriasya\.m2\repository\software\amazon\awssdk\annotations\2.27.8\annotations-2.27.8.jar;C:\Users\suriasya\.m2\repository\software\amazon\awssdk\utils\2.27.8\utils-2.27.8.jar;C:\Users\suriasya\.m2\repository\software\amazon\awssdk\aws-core\2.27.8\aws-core-2.27.8.jar;C:\Users\suriasya\.m2\repository\software\amazon\awssdk\metrics-spi\2.27.8\metrics-spi-2.27.8.jar;C:\Users\suriasya\.m2\repository\software\amazon\awssdk\json-utils\2.27.8\json-utils-2.27.8.jar;C:\Users\suriasya\.m2\repository\software\amazon\awssdk\endpoints-spi\2.27.8\endpoints-spi-2.27.8.jar;C:\Users\suriasya\.m2\repository\software\amazon\awssdk\apache-client\2.27.8\apache-client-2.27.8.jar;C:\Users\suriasya\.m2\repository\org\apache\httpcomponents\httpclient\4.5.13\httpclient-4.5.13.jar;C:\Users\suriasya\.m2\repository\commons-logging\commons-logging\1.2\commons-logging-1.2.jar;C:\Users\suriasya\.m2\repository\org\apache\httpcomponents\httpcore\4.4.16\httpcore-4.4.16.jar;C:\Users\suriasya\.m2\repository\commons-codec\commons-codec\1.17.1\commons-codec-1.17.1.jar;C:\Users\suriasya\.m2\repository\software\amazon\awssdk\netty-nio-client\2.27.8\netty-nio-client-2.27.8.jar;C:\Users\suriasya\.m2\repository\io\netty\netty-codec-http\4.1.112.Final\netty-codec-http-4.1.112.Final.jar;C:\Users\suriasya\.m2\repository\io\netty\netty-codec-http2\4.1.112.Final\netty-codec-http2-4.1.112.Final.jar;C:\Users\suriasya\.m2\repository\io\netty\netty-codec\4.1.112.Final\netty-codec-4.1.112.Final.jar;C:\Users\suriasya\.m2\repository\io\netty\netty-transport\4.1.112.Final\netty-transport-4.1.112.Final.jar;C:\Users\suriasya\.m2\repository\io\netty\netty-common\4.1.112.Final\netty-common-4.1.112.Final.jar;C:\Users\suriasya\.m2\repository\io\netty\netty-buffer\4.1.112.Final\netty-buffer-4.1.112.Final.jar;C:\Users\suriasya\.m2\repository\io\netty\netty-handler\4.1.112.Final\netty-handler-4.1.112.Final.jar;C:\Users\suriasya\.m2\repository\io\netty\netty-transport-native-unix-common\4.1.112.Final\netty-transport-native-unix-common-4.1.112.Final.jar;C:\Users\suriasya\.m2\repository\io\netty\netty-transport-classes-epoll\4.1.112.Final\netty-transport-classes-epoll-4.1.112.Final.jar;C:\Users\suriasya\.m2\repository\io\netty\netty-resolver\4.1.112.Final\netty-resolver-4.1.112.Final.jar;"/>
    <property name="sun.cpu.endian" value="little"/>
    <property name="user.home" value="C:\Users\suriasya"/>
    <property name="user.language" value="en"/>
    <property name="java.specification.vendor" value="Oracle Corporation"/>
    <property name="java.version.date" value="2024-07-16"/>
    <property name="java.home" value="C:\Program Files\Java\jdk-22"/>
    <property name="file.separator" value="\"/>
    <property name="basedir" value="c:\Users\suriasya\Documents\200-Developing on AWS\Dev-Demo\Java\DynamoDB\myapp"/>
    <property name="java.vm.compressedOopsMode" value="Zero based"/>
    <property name="line.separator" value="&#10;"/>
    <property name="java.vm.specification.vendor" value="Oracle Corporation"/>
    <property name="java.specification.name" value="Java Platform API Specification"/>
    <property name="surefire.real.class.path" value="C:\Users\suriasya\AppData\Local\Temp\surefire16850623648262156800\surefirebooter13522445821857635302.jar"/>
    <property name="user.script" value=""/>
    <property name="sun.management.compiler" value="HotSpot 64-Bit Tiered Compilers"/>
    <property name="java.runtime.version" value="22.0.2+9-70"/>
    <property name="user.name" value="suriasya"/>
    <property name="stdout.encoding" value="Cp1252"/>
    <property name="path.separator" value=";"/>
    <property name="os.version" value="10.0"/>
    <property name="java.runtime.name" value="Java(TM) SE Runtime Environment"/>
    <property name="file.encoding" value="UTF-8"/>
    <property name="java.vm.name" value="Java HotSpot(TM) 64-Bit Server VM"/>
    <property name="localRepository" value="C:\Users\suriasya\.m2\repository"/>
    <property name="java.vendor.url.bug" value="https://bugreport.java.com/bugreport/"/>
    <property name="java.io.tmpdir" value="C:\Users\suriasya\AppData\Local\Temp\"/>
    <property name="java.version" value="22.0.2"/>
    <property name="user.dir" value="c:\Users\suriasya\Documents\200-Developing on AWS\Dev-Demo\Java\DynamoDB\myapp"/>
    <property name="os.arch" value="amd64"/>
    <property name="java.vm.specification.name" value="Java Virtual Machine Specification"/>
    <property name="sun.os.patch.level" value=""/>
    <property name="native.encoding" value="Cp1252"/>
    <property name="java.library.path" value="C:\Program Files\Java\jdk-22\bin;C:\Windows\Sun\Java\bin;C:\Windows\system32;C:\Windows;C:\Program Files\Common Files\Oracle\Java\javapath;C:\Program Files\Python312\Scripts\;C:\Program Files\Python312\;C:\Program Files\itacsvc;C:\Windows\system32;C:\Windows;C:\Windows\System32\Wbem;C:\Windows\System32\WindowsPowerShell\v1.0\;C:\Windows\System32\OpenSSH\;C:\Program Files\dotnet\;C:\Program Files\PuTTY\;C:\Program Files (x86)\ACMEGuardian\;C:\Program Files (x86)\Quarantine\;C:\Program Files\Microsoft VS Code\bin;C:\Program Files\Amazon\AWSCLIV2\;C:\Program Files\Maven\apache-maven-3.9.9\bin;C:\Users\suriasya\AppData\Local\Microsoft\WindowsApps;C:\Users\suriasya\AppData\Local\Programs\Git\cmd;."/>
    <property name="java.vm.info" value="mixed mode, sharing"/>
    <property name="stderr.encoding" value="Cp1252"/>
    <property name="java.vendor" value="Oracle Corporation"/>
    <property name="java.vm.version" value="22.0.2+9-70"/>
    <property name="sun.io.unicode.encoding" value="UnicodeLittle"/>
    <property name="java.class.version" value="66.0"/>
  </properties>
  <testcase name="shouldAnswerWithTrue" classname="com.example.myapp.AppTest" time="0"/>
</testsuite>